<?xml version="1.0" encoding="UTF-8"?>
<testng-results skipped="0" failed="0" ignored="0" total="2" passed="2">
  <reporter-output>
  </reporter-output>
  <suite name="eBanking" duration-ms="22816" started-at="2021-11-17T15:29:32Z" finished-at="2021-11-17T15:29:55Z">
    <groups>
    </groups>
    <test name="Banking Test" duration-ms="22816" started-at="2021-11-17T15:29:32Z" finished-at="2021-11-17T15:29:55Z">
      <class name="com.eBanking.testCases.TC_addCustomerTest_003">
        <test-method status="PASS" signature="Setup(java.lang.String)[pri:0, instance:com.eBanking.testCases.TC_addCustomerTest_003@6e6c3152]" name="Setup" is-config="true" duration-ms="5894" started-at="2021-11-17T15:29:42Z" finished-at="2021-11-17T15:29:48Z">
          <params>
            <param index="0">
              <value>
                <![CDATA[chrome]]>
              </value>
            </param>
          </params>
          <reporter-output>
          </reporter-output>
        </test-method> <!-- Setup -->
        <test-method status="PASS" signature="addCustomer()[pri:0, instance:com.eBanking.testCases.TC_addCustomerTest_003@6e6c3152]" name="addCustomer" duration-ms="5539" started-at="2021-11-17T15:29:48Z" finished-at="2021-11-17T15:29:54Z">
          <reporter-output>
          </reporter-output>
        </test-method> <!-- addCustomer -->
        <test-method status="PASS" signature="TearDown()[pri:0, instance:com.eBanking.testCases.TC_addCustomerTest_003@6e6c3152]" name="TearDown" is-config="true" duration-ms="1078" started-at="2021-11-17T15:29:54Z" finished-at="2021-11-17T15:29:55Z">
          <reporter-output>
          </reporter-output>
        </test-method> <!-- TearDown -->
      </class> <!-- com.eBanking.testCases.TC_addCustomerTest_003 -->
      <class name="com.eBanking.testCases.TC_LoginTest_001">
        <test-method status="PASS" signature="Setup(java.lang.String)[pri:0, instance:com.eBanking.testCases.TC_LoginTest_001@6ebc05a6]" name="Setup" is-config="true" duration-ms="6984" started-at="2021-11-17T15:29:32Z" finished-at="2021-11-17T15:29:39Z">
          <params>
            <param index="0">
              <value>
                <![CDATA[chrome]]>
              </value>
            </param>
          </params>
          <reporter-output>
          </reporter-output>
        </test-method> <!-- Setup -->
        <test-method status="PASS" signature="LoginTest()[pri:0, instance:com.eBanking.testCases.TC_LoginTest_001@6ebc05a6]" name="LoginTest" duration-ms="1933" started-at="2021-11-17T15:29:39Z" finished-at="2021-11-17T15:29:41Z">
          <reporter-output>
          </reporter-output>
        </test-method> <!-- LoginTest -->
        <test-method status="PASS" signature="TearDown()[pri:0, instance:com.eBanking.testCases.TC_LoginTest_001@6ebc05a6]" name="TearDown" is-config="true" duration-ms="938" started-at="2021-11-17T15:29:41Z" finished-at="2021-11-17T15:29:42Z">
          <reporter-output>
          </reporter-output>
        </test-method> <!-- TearDown -->
      </class> <!-- com.eBanking.testCases.TC_LoginTest_001 -->
    </test> <!-- Banking Test -->
  </suite> <!-- eBanking -->
</testng-results>
